# JRE version: OpenJDK Runtime Environment (8.0_242-b01) (build 1.8.0_242-release-1644-b01)
# Java VM: OpenJDK 64-Bit Server VM (25.242-b01 mixed mode windows-amd64 compressed oops)
Heap:
 PSYoungGen      total 415744K, used 223834K [0x00000000e0000000, 0x00000000fe900000, 0x0000000100000000)
  eden space 379904K, 49% used [0x00000000e0000000,0x00000000eb79c968,0x00000000f7300000)
  from space 35840K, 99% used [0x00000000fa180000,0x00000000fc47a290,0x00000000fc480000)
  to   space 47616K, 0% used [0x00000000f7300000,0x00000000f7300000,0x00000000fa180000)
 ParOldGen       total 156160K, used 88884K [0x00000000a0000000, 0x00000000a9880000, 0x00000000e0000000)
  object space 156160K, 56% used [0x00000000a0000000,0x00000000a56cd270,0x00000000a9880000)
 Metaspace       used 99941K, capacity 105210K, committed 105368K, reserved 1140736K
  class space    used 13336K, capacity 14414K, committed 14512K, reserved 1048576K
GC Heap History (10 events):
Event: 37.035 GC heap before
{Heap before GC invocations=20 (full 4):
 PSYoungGen      total 366592K, used 19188K [0x00000000e0000000, 0x00000000f8b80000, 0x0000000100000000)
  eden space 328192K, 0% used [0x00000000e0000000,0x00000000e0000000,0x00000000f4080000)
  from space 38400K, 49% used [0x00000000f6600000,0x00000000f78bd3c8,0x00000000f8b80000)
  to   space 38400K, 0% used [0x00000000f4080000,0x00000000f4080000,0x00000000f6600000)
 ParOldGen       total 89600K, used 85979K [0x00000000a0000000, 0x00000000a5780000, 0x00000000e0000000)
  object space 89600K, 95% used [0x00000000a0000000,0x00000000a53f6f18,0x00000000a5780000)
 Metaspace       used 76981K, capacity 80844K, committed 81048K, reserved 1120256K
  class space    used 10315K, capacity 11116K, committed 11184K, reserved 1048576K
Event: 38.073 GC heap after
Heap after GC invocations=20 (full 4):
 PSYoungGen      total 366592K, used 0K [0x00000000e0000000, 0x00000000f8b80000, 0x0000000100000000)
  eden space 328192K, 0% used [0x00000000e0000000,0x00000000e0000000,0x00000000f4080000)
  from space 38400K, 0% used [0x00000000f6600000,0x00000000f6600000,0x00000000f8b80000)
  to   space 38400K, 0% used [0x00000000f4080000,0x00000000f4080000,0x00000000f6600000)
 ParOldGen       total 156160K, used 72156K [0x00000000a0000000, 0x00000000a9880000, 0x00000000e0000000)
  object space 156160K, 46% used [0x00000000a0000000,0x00000000a4677288,0x00000000a9880000)
 Metaspace       used 76889K, capacity 80576K, committed 81048K, reserved 1120256K
  class space    used 10285K, capacity 11064K, committed 11184K, reserved 1048576K
}
Event: 41.628 GC heap before
{Heap before GC invocations=21 (full 4):
 PSYoungGen      total 366592K, used 328192K [0x00000000e0000000, 0x00000000f8b80000, 0x0000000100000000)
  eden space 328192K, 100% used [0x00000000e0000000,0x00000000f4080000,0x00000000f4080000)
  from space 38400K, 0% used [0x00000000f6600000,0x00000000f6600000,0x00000000f8b80000)
  to   space 38400K, 0% used [0x00000000f4080000,0x00000000f4080000,0x00000000f6600000)
 ParOldGen       total 156160K, used 72156K [0x00000000a0000000, 0x00000000a9880000, 0x00000000e0000000)
  object space 156160K, 46% used [0x00000000a0000000,0x00000000a4677288,0x00000000a9880000)
 Metaspace       used 77369K, capacity 80992K, committed 81560K, reserved 1120256K
  class space    used 10325K, capacity 11096K, committed 11184K, reserved 1048576K
Event: 41.658 GC heap after
Heap after GC invocations=21 (full 4):
 PSYoungGen      total 366592K, used 3736K [0x00000000e0000000, 0x00000000fb080000, 0x0000000100000000)
  eden space 328192K, 0% used [0x00000000e0000000,0x00000000e0000000,0x00000000f4080000)
  from space 38400K, 9% used [0x00000000f4080000,0x00000000f4426200,0x00000000f6600000)
  to   space 37888K, 0% used [0x00000000f8b80000,0x00000000f8b80000,0x00000000fb080000)
 ParOldGen       total 156160K, used 72164K [0x00000000a0000000, 0x00000000a9880000, 0x00000000e0000000)
  object space 156160K, 46% used [0x00000000a0000000,0x00000000a4679288,0x00000000a9880000)
 Metaspace       used 77369K, capacity 80992K, committed 81560K, reserved 1120256K
  class space    used 10325K, capacity 11096K, committed 11184K, reserved 1048576K
}
Event: 48.712 GC heap before
{Heap before GC invocations=22 (full 4):
 PSYoungGen      total 366592K, used 331928K [0x00000000e0000000, 0x00000000fb080000, 0x0000000100000000)
  eden space 328192K, 100% used [0x00000000e0000000,0x00000000f4080000,0x00000000f4080000)
  from space 38400K, 9% used [0x00000000f4080000,0x00000000f4426200,0x00000000f6600000)
  to   space 37888K, 0% used [0x00000000f8b80000,0x00000000f8b80000,0x00000000fb080000)
 ParOldGen       total 156160K, used 72164K [0x00000000a0000000, 0x00000000a9880000, 0x00000000e0000000)
  object space 156160K, 46% used [0x00000000a0000000,0x00000000a4679288,0x00000000a9880000)
 Metaspace       used 78298K, capacity 81990K, committed 82456K, reserved 1120256K
  class space    used 10400K, capacity 11185K, committed 11312K, reserved 1048576K
Event: 48.734 GC heap after
Heap after GC invocations=22 (full 4):
 PSYoungGen      total 388608K, used 12760K [0x00000000e0000000, 0x00000000fa600000, 0x0000000100000000)
  eden space 361472K, 0% used [0x00000000e0000000,0x00000000e0000000,0x00000000f6100000)
  from space 27136K, 47% used [0x00000000f8b80000,0x00000000f97f6348,0x00000000fa600000)
  to   space 35328K, 0% used [0x00000000f6100000,0x00000000f6100000,0x00000000f8380000)
 ParOldGen       total 156160K, used 72172K [0x00000000a0000000, 0x00000000a9880000, 0x00000000e0000000)
  object space 156160K, 46% used [0x00000000a0000000,0x00000000a467b288,0x00000000a9880000)
 Metaspace       used 78298K, capacity 81990K, committed 82456K, reserved 1120256K
  class space    used 10400K, capacity 11185K, committed 11312K, reserved 1048576K
}
Event: 62.815 GC heap before
{Heap before GC invocations=23 (full 4):
 PSYoungGen      total 388608K, used 374231K [0x00000000e0000000, 0x00000000fa600000, 0x0000000100000000)
  eden space 361472K, 99% used [0x00000000e0000000,0x00000000f60ffb98,0x00000000f6100000)
  from space 27136K, 47% used [0x00000000f8b80000,0x00000000f97f6348,0x00000000fa600000)
  to   space 35328K, 0% used [0x00000000f6100000,0x00000000f6100000,0x00000000f8380000)
 ParOldGen       total 156160K, used 72172K [0x00000000a0000000, 0x00000000a9880000, 0x00000000e0000000)
  object space 156160K, 46% used [0x00000000a0000000,0x00000000a467b288,0x00000000a9880000)
 Metaspace       used 80783K, capacity 84780K, committed 85016K, reserved 1122304K
  class space    used 10689K, capacity 11538K, committed 11568K, reserved 1048576K
Event: 62.841 GC heap after
Heap after GC invocations=23 (full 4):
 PSYoungGen      total 396800K, used 19393K [0x00000000e0000000, 0x00000000fc480000, 0x0000000100000000)
  eden space 361472K, 0% used [0x00000000e0000000,0x00000000e0000000,0x00000000f6100000)
  from space 35328K, 54% used [0x00000000f6100000,0x00000000f73f05b8,0x00000000f8380000)
  to   space 35840K, 0% used [0x00000000fa180000,0x00000000fa180000,0x00000000fc480000)
 ParOldGen       total 156160K, used 72180K [0x00000000a0000000, 0x00000000a9880000, 0x00000000e0000000)
  object space 156160K, 46% used [0x00000000a0000000,0x00000000a467d288,0x00000000a9880000)
 Metaspace       used 80783K, capacity 84780K, committed 85016K, reserved 1122304K
  class space    used 10689K, capacity 11538K, committed 11568K, reserved 1048576K
}
Event: 101.461 GC heap before
{Heap before GC invocations=24 (full 4):
 PSYoungGen      total 396800K, used 380865K [0x00000000e0000000, 0x00000000fc480000, 0x0000000100000000)
  eden space 361472K, 100% used [0x00000000e0000000,0x00000000f6100000,0x00000000f6100000)
  from space 35328K, 54% used [0x00000000f6100000,0x00000000f73f05b8,0x00000000f8380000)
  to   space 35840K, 0% used [0x00000000fa180000,0x00000000fa180000,0x00000000fc480000)
 ParOldGen       total 156160K, used 72180K [0x00000000a0000000, 0x00000000a9880000, 0x00000000e0000000)
  object space 156160K, 46% used [0x00000000a0000000,0x00000000a467d288,0x00000000a9880000)
 Metaspace       used 92438K, capacity 96812K, committed 97048K, reserved 1132544K
  class space    used 12144K, capacity 13063K, committed 13104K, reserved 1048576K
Event: 102.741 GC heap after
Heap after GC invocations=24 (full 4):
 PSYoungGen      total 415744K, used 35816K [0x00000000e0000000, 0x00000000fe900000, 0x0000000100000000)
  eden space 379904K, 0% used [0x00000000e0000000,0x00000000e0000000,0x00000000f7300000)
  from space 35840K, 99% used [0x00000000fa180000,0x00000000fc47a290,0x00000000fc480000)
  to   space 47616K, 0% used [0x00000000f7300000,0x00000000f7300000,0x00000000fa180000)
 ParOldGen       total 156160K, used 88884K [0x00000000a0000000, 0x00000000a9880000, 0x00000000e0000000)
  object space 156160K, 56% used [0x00000000a0000000,0x00000000a56cd270,0x00000000a9880000)
 Metaspace       used 92438K, capacity 96812K, committed 97048K, reserved 1132544K
  class space    used 12144K, capacity 13063K, committed 13104K, reserved 1048576K
}

